[2026-06-12 22:26:46,095] INFO _internal.py:96 - [31m[1mWARNING: This is a development server. Do not use it in a production deployment. Use a production WSGI server instead.[0m
 * Running on all addresses (0.0.0.0)
 * Running on http://127.0.0.1:5000
 * Running on http://172.16.17.101:5000
[2026-06-12 22:26:46,096] INFO _internal.py:96 - [33mPress CTRL+C to quit[0m
[2026-06-12 22:26:46,145] INFO _internal.py:96 -  * Restarting with watchdog (windowsapi)
[2026-06-12 22:29:30,705] INFO _internal.py:96 -  * Restarting with watchdog (windowsapi)
[2026-06-12 22:32:56,812] INFO _internal.py:96 -  * Restarting with watchdog (windowsapi)
[2026-06-12 22:35:56,311] INFO _internal.py:96 -  * Restarting with watchdog (windowsapi)
[2026-06-12 22:36:14,699] INFO _internal.py:96 -  * Restarting with watchdog (windowsapi)
[2026-06-12 22:37:11,942] INFO _internal.py:96 -  * Restarting with watchdog (windowsapi)
[2026-06-12 22:43:25,147] INFO _internal.py:96 -  * Restarting with watchdog (windowsapi)
[2026-06-12 22:43:50,069] INFO _internal.py:96 -  * Restarting with watchdog (windowsapi)
[2026-06-12 22:46:04,000] INFO _internal.py:96 -  * Restarting with watchdog (windowsapi)
[2026-06-12 22:58:44,073] INFO _internal.py:96 -  * Restarting with watchdog (windowsapi)
[2026-06-12 22:58:57,429] INFO _internal.py:96 -  * Restarting with watchdog (windowsapi)
[2026-06-12 23:07:43,664] INFO _internal.py:96 -  * Restarting with watchdog (windowsapi)
[2026-06-12 23:10:02,264] INFO _internal.py:96 -  * Restarting with watchdog (windowsapi)
[2026-06-12 23:10:21,759] INFO _internal.py:96 -  * Restarting with watchdog (windowsapi)
[2026-06-12 23:11:01,233] INFO _internal.py:96 -  * Restarting with watchdog (windowsapi)
